2025-12-13 20:13:48,225 - debug_logger - INFO - WebSocket connection attempt, view=candidate
2025-12-13 20:13:48,226 - debug_logger - INFO - WebSocket connected successfully, view=candidate
2025-12-13 20:13:48,257 - debug_logger - ERROR - Failed to restore session 4609e6e3: type object 'Config' has no attribute 'FOLLOWUPS_PER_QUESTION'
Traceback (most recent call last):
  File "C:\Users\aditya_raj\Documents\intelliJ-workspace\cursor-code\backend\main.py", line 950, in websocket_endpoint
    controller = InterviewController(language, position_id, expert_mode=is_expert)
  File "C:\Users\aditya_raj\Documents\intelliJ-workspace\cursor-code\backend\core\interview_controller.py", line 26, in __init__
    self.logger.initialize_session(
    ~~~~~~~~~~~~~~~~~~~~~~~~~~~~~~^
        self.context_manager.session_id,
        ^^^^^^^^^^^^^^^^^^^^^^^^^^^^^^^^
        language,
        ^^^^^^^^^
        jd_id
        ^^^^^
    )
    ^
  File "C:\Users\aditya_raj\Documents\intelliJ-workspace\cursor-code\backend\utils\logger.py", line 73, in initialize_session
    "followups_per_question": Config.FOLLOWUPS_PER_QUESTION
                              ^^^^^^^^^^^^^^^^^^^^^^^^^^^^^
AttributeError: type object 'Config' has no attribute 'FOLLOWUPS_PER_QUESTION'. Did you mean: 'MAX_FOLLOWUPS_PER_QUESTION'?

2025-12-13 20:31:51,743 - debug_logger - INFO - WebSocket connection attempt, view=candidate
2025-12-13 20:31:51,744 - debug_logger - INFO - WebSocket connected successfully, view=candidate
2025-12-13 20:31:53,747 - debug_logger - INFO - WebSocket connection attempt, view=candidate
2025-12-13 20:31:53,748 - debug_logger - INFO - WebSocket connected successfully, view=candidate
2025-12-13 20:46:49,204 - debug_logger - INFO - WebSocket connection attempt, view=candidate
2025-12-13 20:46:49,205 - debug_logger - INFO - WebSocket connected successfully, view=candidate
2025-12-13 20:46:51,216 - debug_logger - INFO - WebSocket connection attempt, view=candidate
2025-12-13 20:46:51,217 - debug_logger - INFO - WebSocket connected successfully, view=candidate
2025-12-13 20:47:14,634 - debug_logger - INFO - WebSocket connection attempt, view=admin
2025-12-13 20:47:14,635 - debug_logger - INFO - WebSocket connected successfully, view=admin
2025-12-13 20:47:16,646 - debug_logger - INFO - WebSocket connection attempt, view=admin
2025-12-13 20:47:16,647 - debug_logger - INFO - WebSocket connected successfully, view=admin
2025-12-13 21:12:14,379 - debug_logger - INFO - WebSocket connection attempt, view=candidate
2025-12-13 21:12:14,380 - debug_logger - INFO - WebSocket connected successfully, view=candidate
2025-12-13 21:14:50,345 - debug_logger - INFO - WebSocket connection attempt, view=admin
2025-12-13 21:14:50,346 - debug_logger - INFO - WebSocket connected successfully, view=admin
2025-12-13 21:14:52,356 - debug_logger - INFO - WebSocket connection attempt, view=admin
2025-12-13 21:14:52,357 - debug_logger - INFO - WebSocket connected successfully, view=admin
2025-12-13 22:05:40,533 - debug_logger - INFO - WebSocket connection attempt, view=candidate
2025-12-13 22:05:40,534 - debug_logger - INFO - WebSocket connected successfully, view=candidate
2025-12-13 22:05:42,546 - debug_logger - INFO - WebSocket connection attempt, view=candidate
2025-12-13 22:05:42,547 - debug_logger - INFO - WebSocket connected successfully, view=candidate
2025-12-13 22:06:29,815 - debug_logger - INFO - WebSocket connection attempt, view=admin
2025-12-13 22:06:29,816 - debug_logger - INFO - WebSocket connected successfully, view=admin
2025-12-13 22:06:31,830 - debug_logger - INFO - WebSocket connection attempt, view=admin
2025-12-13 22:06:31,831 - debug_logger - INFO - WebSocket connected successfully, view=admin
2025-12-13 22:15:09,072 - debug_logger - INFO - WebSocket connection attempt, view=candidate
2025-12-13 22:15:09,073 - debug_logger - INFO - WebSocket connected successfully, view=candidate
2025-12-13 22:15:09,128 - debug_logger - INFO - WebSocket connection attempt, view=candidate
2025-12-13 22:15:09,128 - debug_logger - INFO - WebSocket connected successfully, view=candidate
2025-12-13 22:15:12,127 - debug_logger - INFO - WebSocket connection attempt, view=admin
2025-12-13 22:15:12,128 - debug_logger - INFO - WebSocket connected successfully, view=admin
2025-12-13 22:15:12,156 - debug_logger - INFO - WebSocket connection attempt, view=admin
2025-12-13 22:15:12,156 - debug_logger - INFO - WebSocket connected successfully, view=admin
2025-12-13 22:26:16,396 - debug_logger - INFO - WebSocket connection attempt, view=candidate
2025-12-13 22:26:16,397 - debug_logger - INFO - WebSocket connected successfully, view=candidate
2025-12-13 22:26:18,869 - debug_logger - INFO - WebSocket connection attempt, view=candidate
2025-12-13 22:26:18,869 - debug_logger - INFO - WebSocket connected successfully, view=candidate
2025-12-13 22:26:18,893 - debug_logger - INFO - WebSocket connection attempt, view=candidate
2025-12-13 22:26:18,894 - debug_logger - INFO - WebSocket connected successfully, view=candidate
2025-12-13 22:30:23,057 - debug_logger - INFO - WebSocket connection attempt, view=candidate
2025-12-13 22:30:23,057 - debug_logger - INFO - WebSocket connected successfully, view=candidate
2025-12-13 22:30:24,846 - debug_logger - INFO - WebSocket connection attempt, view=admin
2025-12-13 22:30:24,847 - debug_logger - INFO - WebSocket connected successfully, view=admin
2025-12-13 22:30:27,864 - debug_logger - INFO - WebSocket connection attempt, view=candidate
2025-12-13 22:30:27,865 - debug_logger - INFO - WebSocket connected successfully, view=candidate
2025-12-13 22:30:27,894 - debug_logger - INFO - WebSocket connection attempt, view=admin
2025-12-13 22:30:27,894 - debug_logger - INFO - WebSocket connected successfully, view=admin
2025-12-13 22:33:59,984 - debug_logger - INFO - WebSocket connection attempt, view=admin
2025-12-13 22:33:59,985 - debug_logger - INFO - WebSocket connected successfully, view=admin
2025-12-13 22:34:00,039 - debug_logger - INFO - WebSocket connection attempt, view=admin
2025-12-13 22:34:00,040 - debug_logger - INFO - WebSocket connected successfully, view=admin
2025-12-13 22:34:03,153 - debug_logger - INFO - WebSocket connection attempt, view=candidate
2025-12-13 22:34:03,154 - debug_logger - INFO - WebSocket connected successfully, view=candidate
2025-12-13 22:34:03,172 - debug_logger - INFO - WebSocket connection attempt, view=candidate
2025-12-13 22:34:03,172 - debug_logger - INFO - WebSocket connected successfully, view=candidate
2025-12-13 22:48:17,447 - debug_logger - INFO - WebSocket connection attempt, view=candidate
2025-12-13 22:48:17,448 - debug_logger - INFO - WebSocket connected successfully, view=candidate
2025-12-13 22:48:19,453 - debug_logger - INFO - WebSocket connection attempt, view=candidate
2025-12-13 22:48:19,453 - debug_logger - INFO - WebSocket connected successfully, view=candidate
2025-12-13 22:48:19,466 - debug_logger - INFO - WebSocket connection attempt, view=candidate
2025-12-13 22:48:19,467 - debug_logger - INFO - WebSocket connected successfully, view=candidate
2025-12-13 22:49:50,161 - debug_logger - INFO - WebSocket connection attempt, view=candidate
2025-12-13 22:49:50,162 - debug_logger - INFO - WebSocket connected successfully, view=candidate
2025-12-13 22:49:50,213 - debug_logger - INFO - WebSocket connection attempt, view=candidate
2025-12-13 22:49:50,213 - debug_logger - INFO - WebSocket connected successfully, view=candidate
2025-12-13 22:49:53,406 - debug_logger - INFO - WebSocket connection attempt, view=admin
2025-12-13 22:49:53,407 - debug_logger - INFO - WebSocket connected successfully, view=admin
2025-12-13 22:49:53,432 - debug_logger - INFO - WebSocket connection attempt, view=candidate
2025-12-13 22:49:53,434 - debug_logger - INFO - WebSocket connected successfully, view=candidate
2025-12-13 22:49:53,450 - debug_logger - INFO - WebSocket connection attempt, view=candidate
2025-12-13 22:49:53,451 - debug_logger - INFO - WebSocket connected successfully, view=candidate
2025-12-13 22:49:53,472 - debug_logger - INFO - WebSocket connection attempt, view=admin
2025-12-13 22:49:53,473 - debug_logger - INFO - WebSocket connected successfully, view=admin
2025-12-13 22:49:59,713 - debug_logger - INFO - WebSocket connection attempt, view=admin
2025-12-13 22:49:59,714 - debug_logger - INFO - WebSocket connected successfully, view=admin
2025-12-13 22:49:59,761 - debug_logger - INFO - WebSocket connection attempt, view=candidate
2025-12-13 22:49:59,763 - debug_logger - INFO - WebSocket connected successfully, view=candidate
2025-12-13 22:50:02,613 - debug_logger - INFO - WebSocket connection attempt, view=admin
2025-12-13 22:50:02,614 - debug_logger - INFO - WebSocket connected successfully, view=admin
2025-12-13 22:50:02,651 - debug_logger - INFO - WebSocket connection attempt, view=candidate
2025-12-13 22:50:02,652 - debug_logger - INFO - WebSocket connected successfully, view=candidate
2025-12-13 22:50:02,669 - debug_logger - INFO - WebSocket connection attempt, view=candidate
2025-12-13 22:50:02,670 - debug_logger - INFO - WebSocket connected successfully, view=candidate
2025-12-13 22:50:02,686 - debug_logger - INFO - WebSocket connection attempt, view=candidate
2025-12-13 22:50:02,686 - debug_logger - INFO - WebSocket connected successfully, view=candidate
2025-12-13 22:50:11,819 - debug_logger - INFO - WebSocket connection attempt, view=candidate
2025-12-13 22:50:11,819 - debug_logger - INFO - WebSocket connected successfully, view=candidate
2025-12-13 22:50:11,868 - debug_logger - INFO - WebSocket connection attempt, view=admin
2025-12-13 22:50:11,869 - debug_logger - INFO - WebSocket connected successfully, view=admin
2025-12-13 22:50:16,044 - debug_logger - INFO - WebSocket connection attempt, view=candidate
2025-12-13 22:50:16,045 - debug_logger - INFO - WebSocket connected successfully, view=candidate
2025-12-13 22:50:16,061 - debug_logger - INFO - WebSocket connection attempt, view=admin
2025-12-13 22:50:16,062 - debug_logger - INFO - WebSocket connected successfully, view=admin
2025-12-13 22:50:16,101 - debug_logger - INFO - WebSocket connection attempt, view=candidate
2025-12-13 22:50:16,101 - debug_logger - INFO - WebSocket connected successfully, view=candidate
2025-12-13 22:50:16,122 - debug_logger - INFO - WebSocket connection attempt, view=candidate
2025-12-13 22:50:16,123 - debug_logger - INFO - WebSocket connected successfully, view=candidate
2025-12-13 22:53:56,371 - debug_logger - INFO - WebSocket connection attempt, view=candidate
2025-12-13 22:53:56,372 - debug_logger - INFO - WebSocket connected successfully, view=candidate
2025-12-13 22:53:58,372 - debug_logger - INFO - WebSocket connection attempt, view=candidate
2025-12-13 22:53:58,373 - debug_logger - INFO - WebSocket connected successfully, view=candidate
2025-12-13 22:58:00,497 - debug_logger - INFO - WebSocket connection attempt, view=candidate
2025-12-13 22:58:00,498 - debug_logger - INFO - WebSocket connected successfully, view=candidate
2025-12-13 22:58:04,400 - debug_logger - INFO - WebSocket connection attempt, view=admin
2025-12-13 22:58:04,401 - debug_logger - INFO - WebSocket connected successfully, view=admin
2025-12-13 22:58:04,436 - debug_logger - INFO - WebSocket connection attempt, view=candidate
2025-12-13 22:58:04,437 - debug_logger - INFO - WebSocket connected successfully, view=candidate
2025-12-13 22:58:04,451 - debug_logger - INFO - WebSocket connection attempt, view=admin
2025-12-13 22:58:04,451 - debug_logger - INFO - WebSocket connected successfully, view=admin
2025-12-13 22:58:05,112 - debug_logger - INFO - WebSocket connection attempt, view=candidate
2025-12-13 22:58:05,112 - debug_logger - INFO - WebSocket connected successfully, view=candidate
2025-12-13 22:58:07,116 - debug_logger - INFO - WebSocket connection attempt, view=candidate
2025-12-13 22:58:07,116 - debug_logger - INFO - WebSocket connected successfully, view=candidate
2025-12-13 22:58:46,066 - debug_logger - INFO - WebSocket connection attempt, view=candidate
2025-12-13 22:58:46,066 - debug_logger - INFO - WebSocket connected successfully, view=candidate
2025-12-13 22:58:46,114 - debug_logger - INFO - WebSocket connection attempt, view=candidate
2025-12-13 22:58:46,115 - debug_logger - INFO - WebSocket connected successfully, view=candidate
2025-12-13 22:58:46,144 - debug_logger - INFO - WebSocket connection attempt, view=candidate
2025-12-13 22:58:46,145 - debug_logger - INFO - WebSocket connected successfully, view=candidate
2025-12-13 22:58:46,158 - debug_logger - INFO - WebSocket connection attempt, view=candidate
2025-12-13 22:58:46,159 - debug_logger - INFO - WebSocket connected successfully, view=candidate
2025-12-13 22:58:46,175 - debug_logger - INFO - WebSocket connection attempt, view=admin
2025-12-13 22:58:46,176 - debug_logger - INFO - WebSocket connected successfully, view=admin
2025-12-13 22:58:46,202 - debug_logger - INFO - WebSocket connection attempt, view=admin
2025-12-13 22:58:46,203 - debug_logger - INFO - WebSocket connected successfully, view=admin
2025-12-13 22:58:53,082 - debug_logger - INFO - WebSocket connection attempt, view=candidate
2025-12-13 22:58:53,083 - debug_logger - INFO - WebSocket connected successfully, view=candidate
2025-12-13 22:58:53,863 - debug_logger - INFO - WebSocket connection attempt, view=candidate
2025-12-13 22:58:53,864 - debug_logger - INFO - WebSocket connected successfully, view=candidate
2025-12-13 23:03:24,983 - debug_logger - INFO - WebSocket connection attempt, view=admin
2025-12-13 23:03:24,983 - debug_logger - INFO - WebSocket connected successfully, view=admin
2025-12-13 23:03:25,033 - debug_logger - INFO - WebSocket connection attempt, view=admin
2025-12-13 23:03:25,034 - debug_logger - INFO - WebSocket connected successfully, view=admin
2025-12-13 23:03:25,072 - debug_logger - INFO - WebSocket connection attempt, view=admin
2025-12-13 23:03:25,073 - debug_logger - INFO - WebSocket connected successfully, view=admin
2025-12-13 23:03:25,099 - debug_logger - INFO - WebSocket connection attempt, view=admin
2025-12-13 23:03:25,100 - debug_logger - INFO - WebSocket connected successfully, view=admin
2025-12-13 23:03:25,854 - debug_logger - INFO - WebSocket connection attempt, view=candidate
2025-12-13 23:03:25,855 - debug_logger - INFO - WebSocket connected successfully, view=candidate
2025-12-13 23:03:25,869 - debug_logger - INFO - WebSocket connection attempt, view=candidate
2025-12-13 23:03:25,870 - debug_logger - INFO - WebSocket connected successfully, view=candidate
2025-12-13 23:03:25,886 - debug_logger - INFO - WebSocket connection attempt, view=candidate
2025-12-13 23:03:25,886 - debug_logger - INFO - WebSocket connected successfully, view=candidate
2025-12-13 23:03:25,902 - debug_logger - INFO - WebSocket connection attempt, view=candidate
2025-12-13 23:03:25,902 - debug_logger - INFO - WebSocket connected successfully, view=candidate
2025-12-13 23:05:48,054 - debug_logger - INFO - WebSocket connection attempt, view=admin
2025-12-13 23:05:48,055 - debug_logger - INFO - WebSocket connected successfully, view=admin
2025-12-13 23:05:50,054 - debug_logger - INFO - WebSocket connection attempt, view=admin
2025-12-13 23:05:50,055 - debug_logger - INFO - WebSocket connected successfully, view=admin
2025-12-13 23:05:54,345 - debug_logger - INFO - WebSocket connection attempt, view=admin
2025-12-13 23:05:54,346 - debug_logger - INFO - WebSocket connected successfully, view=admin
2025-12-13 23:06:12,104 - debug_logger - INFO - WebSocket connection attempt, view=candidate
2025-12-13 23:06:12,105 - debug_logger - INFO - WebSocket connected successfully, view=candidate
2025-12-13 23:06:14,117 - debug_logger - INFO - WebSocket connection attempt, view=candidate
2025-12-13 23:06:14,118 - debug_logger - INFO - WebSocket connected successfully, view=candidate
2025-12-13 23:06:22,856 - debug_logger - INFO - WebSocket connection attempt, view=admin
2025-12-13 23:06:22,856 - debug_logger - INFO - WebSocket connected successfully, view=admin
2025-12-13 23:06:25,785 - debug_logger - INFO - WebSocket connection attempt, view=candidate
2025-12-13 23:06:25,786 - debug_logger - INFO - WebSocket connected successfully, view=candidate
2025-12-13 23:11:48,709 - debug_logger - INFO - WebSocket connection attempt, view=candidate
2025-12-13 23:11:48,710 - debug_logger - INFO - WebSocket connected successfully, view=candidate
2025-12-13 23:11:51,239 - debug_logger - INFO - WebSocket connection attempt, view=candidate
2025-12-13 23:11:51,240 - debug_logger - INFO - WebSocket connected successfully, view=candidate
2025-12-13 23:11:51,301 - debug_logger - INFO - WebSocket connection attempt, view=candidate
2025-12-13 23:11:51,301 - debug_logger - INFO - WebSocket connected successfully, view=candidate
2025-12-13 23:11:51,857 - debug_logger - INFO - WebSocket connection attempt, view=candidate
2025-12-13 23:11:51,857 - debug_logger - INFO - WebSocket connected successfully, view=candidate
2025-12-13 23:11:51,871 - debug_logger - INFO - WebSocket connection attempt, view=candidate
2025-12-13 23:11:51,872 - debug_logger - INFO - WebSocket connected successfully, view=candidate
2025-12-13 23:11:51,887 - debug_logger - INFO - WebSocket connection attempt, view=candidate
2025-12-13 23:11:51,888 - debug_logger - INFO - WebSocket connected successfully, view=candidate
2025-12-13 23:11:51,902 - debug_logger - INFO - WebSocket connection attempt, view=candidate
2025-12-13 23:11:51,903 - debug_logger - INFO - WebSocket connected successfully, view=candidate
2025-12-13 23:11:51,918 - debug_logger - INFO - WebSocket connection attempt, view=candidate
2025-12-13 23:11:51,918 - debug_logger - INFO - WebSocket connected successfully, view=candidate
2025-12-13 23:11:51,933 - debug_logger - INFO - WebSocket connection attempt, view=candidate
2025-12-13 23:11:51,934 - debug_logger - INFO - WebSocket connected successfully, view=candidate
2025-12-13 23:11:51,949 - debug_logger - INFO - WebSocket connection attempt, view=admin
2025-12-13 23:11:51,950 - debug_logger - INFO - WebSocket connected successfully, view=admin
2025-12-13 23:11:51,983 - debug_logger - INFO - WebSocket connection attempt, view=admin
2025-12-13 23:11:51,983 - debug_logger - INFO - WebSocket connected successfully, view=admin
2025-12-13 23:11:59,854 - debug_logger - INFO - WebSocket connection attempt, view=admin
2025-12-13 23:11:59,855 - debug_logger - INFO - WebSocket connected successfully, view=admin
2025-12-13 23:12:01,828 - debug_logger - INFO - WebSocket connection attempt, view=candidate
2025-12-13 23:12:01,828 - debug_logger - INFO - WebSocket connected successfully, view=candidate
2025-12-13 23:12:06,586 - debug_logger - INFO - WebSocket connection attempt, view=candidate
2025-12-13 23:12:06,587 - debug_logger - INFO - WebSocket connected successfully, view=candidate
2025-12-13 23:12:08,599 - debug_logger - INFO - WebSocket connection attempt, view=candidate
2025-12-13 23:12:08,600 - debug_logger - INFO - WebSocket connected successfully, view=candidate
2025-12-13 23:14:12,900 - debug_logger - INFO - WebSocket connection attempt, view=candidate
2025-12-13 23:14:12,900 - debug_logger - INFO - WebSocket connected successfully, view=candidate
2025-12-13 23:14:14,921 - debug_logger - INFO - WebSocket connection attempt, view=candidate
2025-12-13 23:14:14,922 - debug_logger - INFO - WebSocket connected successfully, view=candidate
2025-12-13 23:14:18,727 - debug_logger - INFO - WebSocket connection attempt, view=admin
2025-12-13 23:14:18,728 - debug_logger - INFO - WebSocket connected successfully, view=admin
2025-12-13 23:14:20,741 - debug_logger - INFO - WebSocket connection attempt, view=admin
2025-12-13 23:14:20,742 - debug_logger - INFO - WebSocket connected successfully, view=admin
2025-12-13 23:27:29,470 - debug_logger - INFO - WebSocket connection attempt, view=candidate
2025-12-13 23:27:29,470 - debug_logger - INFO - WebSocket connected successfully, view=candidate
2025-12-13 23:27:29,509 - debug_logger - INFO - WebSocket connection attempt, view=admin
2025-12-13 23:27:29,509 - debug_logger - INFO - WebSocket connected successfully, view=admin
2025-12-13 23:27:29,529 - debug_logger - INFO - WebSocket connection attempt, view=candidate
2025-12-13 23:27:29,529 - debug_logger - INFO - WebSocket connected successfully, view=candidate
2025-12-13 23:27:29,544 - debug_logger - INFO - WebSocket connection attempt, view=admin
2025-12-13 23:27:29,545 - debug_logger - INFO - WebSocket connected successfully, view=admin
2025-12-13 23:27:32,230 - debug_logger - INFO - WebSocket connection attempt, view=candidate
2025-12-13 23:27:32,231 - debug_logger - INFO - WebSocket connected successfully, view=candidate
2025-12-13 23:27:32,243 - debug_logger - INFO - WebSocket connection attempt, view=candidate
2025-12-13 23:27:32,244 - debug_logger - INFO - WebSocket connected successfully, view=candidate
2025-12-13 23:31:07,190 - debug_logger - INFO - WebSocket connection attempt, view=candidate
2025-12-13 23:31:07,190 - debug_logger - INFO - WebSocket connected successfully, view=candidate
2025-12-13 23:31:07,221 - debug_logger - INFO - WebSocket connection attempt, view=candidate
2025-12-13 23:31:07,222 - debug_logger - INFO - WebSocket connected successfully, view=candidate
2025-12-13 23:31:07,241 - debug_logger - INFO - WebSocket connection attempt, view=candidate
2025-12-13 23:31:07,242 - debug_logger - INFO - WebSocket connected successfully, view=candidate
2025-12-13 23:31:07,259 - debug_logger - INFO - WebSocket connection attempt, view=admin
2025-12-13 23:31:07,260 - debug_logger - INFO - WebSocket connected successfully, view=admin
2025-12-13 23:31:10,528 - debug_logger - INFO - WebSocket connection attempt, view=admin
2025-12-13 23:31:10,528 - debug_logger - INFO - WebSocket connected successfully, view=admin
2025-12-13 23:31:10,547 - debug_logger - INFO - WebSocket connection attempt, view=candidate
2025-12-13 23:31:10,548 - debug_logger - INFO - WebSocket connected successfully, view=candidate
2025-12-13 23:33:56,245 - debug_logger - INFO - WebSocket connection attempt, view=candidate
2025-12-13 23:33:56,245 - debug_logger - INFO - WebSocket connected successfully, view=candidate
2025-12-13 23:33:58,259 - debug_logger - INFO - WebSocket connection attempt, view=candidate
2025-12-13 23:33:58,260 - debug_logger - INFO - WebSocket connected successfully, view=candidate
2025-12-13 23:34:01,819 - debug_logger - INFO - WebSocket connection attempt, view=admin
2025-12-13 23:34:01,820 - debug_logger - INFO - WebSocket connected successfully, view=admin
2025-12-13 23:34:03,852 - debug_logger - INFO - WebSocket connection attempt, view=admin
2025-12-13 23:34:03,852 - debug_logger - INFO - WebSocket connected successfully, view=admin
2025-12-13 23:39:19,686 - debug_logger - INFO - WebSocket connection attempt, view=candidate
2025-12-13 23:39:19,687 - debug_logger - INFO - WebSocket connected successfully, view=candidate
2025-12-13 23:39:19,757 - debug_logger - INFO - WebSocket connection attempt, view=candidate
2025-12-13 23:39:19,758 - debug_logger - INFO - WebSocket connected successfully, view=candidate
2025-12-13 23:39:22,426 - debug_logger - INFO - WebSocket connection attempt, view=admin
2025-12-13 23:39:22,427 - debug_logger - INFO - WebSocket connected successfully, view=admin
2025-12-13 23:39:22,453 - debug_logger - INFO - WebSocket connection attempt, view=admin
2025-12-13 23:39:22,454 - debug_logger - INFO - WebSocket connected successfully, view=admin
2025-12-13 23:39:43,747 - debug_logger - INFO - WebSocket connection attempt, view=candidate
2025-12-13 23:39:43,748 - debug_logger - INFO - WebSocket connected successfully, view=candidate
2025-12-13 23:39:43,799 - debug_logger - INFO - WebSocket connection attempt, view=candidate
2025-12-13 23:39:43,799 - debug_logger - INFO - WebSocket connected successfully, view=candidate
2025-12-13 23:39:48,194 - debug_logger - INFO - WebSocket connection attempt, view=admin
2025-12-13 23:39:48,194 - debug_logger - INFO - WebSocket connected successfully, view=admin
2025-12-13 23:39:48,232 - debug_logger - INFO - WebSocket connection attempt, view=admin
2025-12-13 23:39:48,232 - debug_logger - INFO - WebSocket connected successfully, view=admin
2025-12-13 23:39:51,615 - debug_logger - INFO - WebSocket connection attempt, view=candidate
2025-12-13 23:39:51,615 - debug_logger - INFO - WebSocket connected successfully, view=candidate
2025-12-13 23:39:53,630 - debug_logger - INFO - WebSocket connection attempt, view=candidate
2025-12-13 23:39:53,630 - debug_logger - INFO - WebSocket connected successfully, view=candidate
2025-12-13 23:39:53,862 - debug_logger - INFO - WebSocket connection attempt, view=candidate
2025-12-13 23:39:53,863 - debug_logger - INFO - WebSocket connected successfully, view=candidate
2025-12-13 23:40:58,947 - debug_logger - INFO - WebSocket connection attempt, view=candidate
2025-12-13 23:40:58,948 - debug_logger - INFO - WebSocket connected successfully, view=candidate
2025-12-13 23:41:01,863 - debug_logger - INFO - WebSocket connection attempt, view=candidate
2025-12-13 23:41:01,864 - debug_logger - INFO - WebSocket connected successfully, view=candidate
2025-12-13 23:43:56,863 - debug_logger - INFO - WebSocket connection attempt, view=admin
2025-12-13 23:43:56,863 - debug_logger - INFO - WebSocket connected successfully, view=admin
2025-12-13 23:43:58,883 - debug_logger - INFO - WebSocket connection attempt, view=candidate
2025-12-13 23:43:58,884 - debug_logger - INFO - WebSocket connected successfully, view=candidate
2025-12-13 23:43:59,864 - debug_logger - INFO - WebSocket connection attempt, view=candidate
2025-12-13 23:43:59,865 - debug_logger - INFO - WebSocket connected successfully, view=candidate
2025-12-14 00:10:19,989 - debug_logger - INFO - WebSocket connection attempt, view=candidate
2025-12-14 00:10:19,991 - debug_logger - INFO - WebSocket connected successfully, view=candidate
2025-12-14 00:10:22,503 - debug_logger - INFO - WebSocket connection attempt, view=admin
2025-12-14 00:10:22,504 - debug_logger - INFO - WebSocket connected successfully, view=admin
2025-12-14 00:10:22,771 - debug_logger - INFO - WebSocket connection attempt, view=admin
2025-12-14 00:10:22,772 - debug_logger - INFO - WebSocket connected successfully, view=admin
2025-12-14 00:10:22,865 - debug_logger - INFO - WebSocket connection attempt, view=candidate
2025-12-14 00:10:22,866 - debug_logger - INFO - WebSocket connected successfully, view=candidate
2025-12-14 00:11:21,540 - debug_logger - INFO - WebSocket connection attempt, view=candidate
2025-12-14 00:11:21,540 - debug_logger - INFO - WebSocket connected successfully, view=candidate
2025-12-14 00:11:23,546 - debug_logger - INFO - WebSocket connection attempt, view=candidate
2025-12-14 00:11:23,547 - debug_logger - INFO - WebSocket connected successfully, view=candidate
2025-12-14 00:20:36,926 - debug_logger - INFO - WebSocket connection attempt, view=admin
2025-12-14 00:20:36,927 - debug_logger - INFO - WebSocket connected successfully, view=admin
2025-12-14 00:20:37,610 - debug_logger - INFO - WebSocket connection attempt, view=candidate
2025-12-14 00:20:37,611 - debug_logger - INFO - WebSocket connected successfully, view=candidate
2025-12-14 00:20:39,610 - debug_logger - INFO - WebSocket connection attempt, view=candidate
2025-12-14 00:20:39,611 - debug_logger - INFO - WebSocket connected successfully, view=candidate
2025-12-14 00:20:40,858 - debug_logger - INFO - WebSocket connection attempt, view=candidate
2025-12-14 00:20:40,859 - debug_logger - INFO - WebSocket connected successfully, view=candidate
2025-12-14 00:20:40,875 - debug_logger - INFO - WebSocket connection attempt, view=candidate
2025-12-14 00:20:40,876 - debug_logger - INFO - WebSocket connected successfully, view=candidate
2025-12-14 00:52:51,206 - debug_logger - INFO - WebSocket connection attempt, view=candidate
2025-12-14 00:52:51,207 - debug_logger - INFO - WebSocket connected successfully, view=candidate
2025-12-14 00:52:53,384 - debug_logger - INFO - WebSocket connection attempt, view=admin
2025-12-14 00:52:53,385 - debug_logger - INFO - WebSocket connected successfully, view=admin
2025-12-14 00:52:53,867 - debug_logger - INFO - WebSocket connection attempt, view=candidate
2025-12-14 00:52:53,868 - debug_logger - INFO - WebSocket connected successfully, view=candidate
2025-12-14 00:52:53,929 - debug_logger - INFO - WebSocket connection attempt, view=admin
2025-12-14 00:52:53,930 - debug_logger - INFO - WebSocket connected successfully, view=admin
2025-12-14 00:53:09,796 - debug_logger - INFO - WebSocket connection attempt, view=candidate
2025-12-14 00:53:09,796 - debug_logger - INFO - WebSocket connected successfully, view=candidate
2025-12-14 00:53:11,807 - debug_logger - INFO - WebSocket connection attempt, view=candidate
2025-12-14 00:53:11,807 - debug_logger - INFO - WebSocket connected successfully, view=candidate
2025-12-14 01:08:54,915 - debug_logger - INFO - WebSocket connection attempt, view=candidate
2025-12-14 01:08:54,915 - debug_logger - INFO - WebSocket connected successfully, view=candidate
2025-12-14 01:08:57,305 - debug_logger - INFO - WebSocket connection attempt, view=admin
2025-12-14 01:08:57,306 - debug_logger - INFO - WebSocket connected successfully, view=admin
2025-12-14 01:08:57,338 - debug_logger - INFO - WebSocket connection attempt, view=candidate
2025-12-14 01:08:57,338 - debug_logger - INFO - WebSocket connected successfully, view=candidate
2025-12-14 01:08:57,868 - debug_logger - INFO - WebSocket connection attempt, view=admin
2025-12-14 01:08:57,869 - debug_logger - INFO - WebSocket connected successfully, view=admin
2025-12-14 01:20:26,791 - debug_logger - INFO - WebSocket connection attempt, view=admin
2025-12-14 01:20:26,792 - debug_logger - INFO - WebSocket connected successfully, view=admin
2025-12-14 01:20:29,860 - debug_logger - INFO - WebSocket connection attempt, view=candidate
2025-12-14 01:20:29,861 - debug_logger - INFO - WebSocket connected successfully, view=candidate
2025-12-14 01:25:39,341 - debug_logger - INFO - WebSocket connection attempt, view=candidate
2025-12-14 01:25:39,342 - debug_logger - INFO - WebSocket connected successfully, view=candidate
2025-12-14 01:25:39,367 - debug_logger - INFO - WebSocket connection attempt, view=candidate
2025-12-14 01:25:39,368 - debug_logger - INFO - WebSocket connected successfully, view=candidate
2025-12-14 01:30:41,098 - debug_logger - INFO - WebSocket connection attempt, view=candidate
2025-12-14 01:30:41,098 - debug_logger - INFO - WebSocket connected successfully, view=candidate
2025-12-14 01:30:41,118 - debug_logger - INFO - WebSocket connection attempt, view=candidate
2025-12-14 01:30:41,119 - debug_logger - INFO - WebSocket connected successfully, view=candidate
2025-12-14 03:18:11,068 - debug_logger - INFO - WebSocket connection attempt, view=candidate
2025-12-14 03:18:11,069 - debug_logger - INFO - WebSocket connected successfully, view=candidate
2025-12-14 03:18:13,526 - debug_logger - INFO - WebSocket connection attempt, view=admin
2025-12-14 03:18:13,527 - debug_logger - INFO - WebSocket connected successfully, view=admin
2025-12-14 03:18:13,565 - debug_logger - INFO - WebSocket connection attempt, view=candidate
2025-12-14 03:18:13,565 - debug_logger - INFO - WebSocket connected successfully, view=candidate
2025-12-14 03:18:13,850 - debug_logger - INFO - WebSocket connection attempt, view=admin
2025-12-14 03:18:13,851 - debug_logger - INFO - WebSocket connected successfully, view=admin
2025-12-14 03:21:29,821 - debug_logger - INFO - WebSocket connection attempt, view=candidate
2025-12-14 03:21:29,821 - debug_logger - INFO - WebSocket connected successfully, view=candidate
2025-12-14 03:21:31,853 - debug_logger - INFO - WebSocket connection attempt, view=candidate
2025-12-14 03:21:31,854 - debug_logger - INFO - WebSocket connected successfully, view=candidate
2025-12-14 03:25:09,087 - debug_logger - INFO - WebSocket connection attempt, view=candidate
2025-12-14 03:25:09,087 - debug_logger - INFO - WebSocket connected successfully, view=candidate
2025-12-14 03:25:11,101 - debug_logger - INFO - WebSocket connection attempt, view=candidate
2025-12-14 03:25:11,101 - debug_logger - INFO - WebSocket connected successfully, view=candidate
2025-12-14 03:30:55,830 - debug_logger - INFO - WebSocket connection attempt, view=candidate
2025-12-14 03:30:55,831 - debug_logger - INFO - WebSocket connected successfully, view=candidate
2025-12-14 03:30:57,843 - debug_logger - INFO - WebSocket connection attempt, view=candidate
2025-12-14 03:30:57,844 - debug_logger - INFO - WebSocket connected successfully, view=candidate
2025-12-14 03:36:18,886 - debug_logger - INFO - WebSocket connection attempt, view=admin
2025-12-14 03:36:18,887 - debug_logger - INFO - WebSocket connected successfully, view=admin
2025-12-14 03:36:21,850 - debug_logger - INFO - WebSocket connection attempt, view=candidate
2025-12-14 03:36:21,851 - debug_logger - INFO - WebSocket connected successfully, view=candidate
2025-12-14 03:36:51,264 - debug_logger - INFO - WebSocket connection attempt, view=candidate
2025-12-14 03:36:51,265 - debug_logger - INFO - WebSocket connected successfully, view=candidate
2025-12-14 03:36:54,741 - debug_logger - INFO - WebSocket connection attempt, view=admin
2025-12-14 03:36:54,741 - debug_logger - INFO - WebSocket connected successfully, view=admin
2025-12-14 03:36:54,768 - debug_logger - INFO - WebSocket connection attempt, view=candidate
2025-12-14 03:36:54,768 - debug_logger - INFO - WebSocket connected successfully, view=candidate
2025-12-14 03:36:54,863 - debug_logger - INFO - WebSocket connection attempt, view=admin
2025-12-14 03:36:54,864 - debug_logger - INFO - WebSocket connected successfully, view=admin
2025-12-14 03:42:06,715 - debug_logger - INFO - WebSocket connection attempt, view=candidate
2025-12-14 03:42:06,717 - debug_logger - INFO - WebSocket connected successfully, view=candidate
2025-12-14 03:42:09,462 - debug_logger - INFO - WebSocket connection attempt, view=admin
2025-12-14 03:42:09,463 - debug_logger - INFO - WebSocket connected successfully, view=admin
2025-12-14 03:42:09,496 - debug_logger - INFO - WebSocket connection attempt, view=candidate
2025-12-14 03:42:09,497 - debug_logger - INFO - WebSocket connected successfully, view=candidate
2025-12-14 03:42:09,860 - debug_logger - INFO - WebSocket connection attempt, view=admin
2025-12-14 03:42:09,861 - debug_logger - INFO - WebSocket connected successfully, view=admin
2025-12-14 03:46:13,600 - debug_logger - INFO - WebSocket connection attempt, view=admin
2025-12-14 03:46:13,601 - debug_logger - INFO - WebSocket connected successfully, view=admin
2025-12-14 03:46:15,607 - debug_logger - INFO - WebSocket connection attempt, view=admin
2025-12-14 03:46:15,607 - debug_logger - INFO - WebSocket connected successfully, view=admin
2025-12-14 03:47:42,366 - debug_logger - INFO - WebSocket connection attempt, view=admin
2025-12-14 03:47:42,366 - debug_logger - INFO - WebSocket connected successfully, view=admin
2025-12-14 03:47:45,865 - debug_logger - INFO - WebSocket connection attempt, view=candidate
2025-12-14 03:47:45,866 - debug_logger - INFO - WebSocket connected successfully, view=candidate
2025-12-14 03:59:40,449 - debug_logger - INFO - WebSocket connection attempt, view=candidate
2025-12-14 03:59:40,449 - debug_logger - INFO - WebSocket connected successfully, view=candidate
2025-12-14 03:59:42,876 - debug_logger - INFO - WebSocket connection attempt, view=admin
2025-12-14 03:59:42,877 - debug_logger - INFO - WebSocket connected successfully, view=admin
2025-12-14 03:59:42,910 - debug_logger - INFO - WebSocket connection attempt, view=candidate
2025-12-14 03:59:42,911 - debug_logger - INFO - WebSocket connected successfully, view=candidate
2025-12-14 03:59:43,164 - debug_logger - INFO - WebSocket connection attempt, view=admin
2025-12-14 03:59:43,164 - debug_logger - INFO - WebSocket connected successfully, view=admin
2025-12-14 04:02:55,177 - debug_logger - INFO - WebSocket connection attempt, view=candidate
2025-12-14 04:02:55,178 - debug_logger - INFO - WebSocket connected successfully, view=candidate
2025-12-14 04:02:57,197 - debug_logger - INFO - WebSocket connection attempt, view=candidate
2025-12-14 04:02:57,199 - debug_logger - INFO - WebSocket connected successfully, view=candidate
2025-12-14 04:03:20,852 - debug_logger - INFO - WebSocket connection attempt, view=admin
2025-12-14 04:03:20,852 - debug_logger - INFO - WebSocket connected successfully, view=admin
2025-12-14 04:03:22,774 - debug_logger - INFO - WebSocket connection attempt, view=candidate
2025-12-14 04:03:22,774 - debug_logger - INFO - WebSocket connected successfully, view=candidate
2025-12-14 04:09:00,767 - debug_logger - INFO - WebSocket connection attempt, view=candidate
2025-12-14 04:09:00,767 - debug_logger - INFO - WebSocket connected successfully, view=candidate
2025-12-14 04:09:00,786 - debug_logger - INFO - WebSocket connection attempt, view=candidate
2025-12-14 04:09:00,786 - debug_logger - INFO - WebSocket connected successfully, view=candidate
2025-12-14 04:09:00,800 - debug_logger - INFO - WebSocket connection attempt, view=admin
2025-12-14 04:09:00,801 - debug_logger - INFO - WebSocket connected successfully, view=admin
2025-12-14 04:09:00,839 - debug_logger - ERROR - Failed to restore session session_20251214_035939: int() argument must be a string, a bytes-like object or a real number, not 'dict'
Traceback (most recent call last):
  File "C:\Users\aditya_raj\Documents\intelliJ-workspace\cursor-code\backend\main.py", line 1098, in websocket_endpoint
    total_q = sum(int(count) for count in controller.question_categories.values())
  File "C:\Users\aditya_raj\Documents\intelliJ-workspace\cursor-code\backend\main.py", line 1098, in <genexpr>
    total_q = sum(int(count) for count in controller.question_categories.values())
                  ~~~^^^^^^^
TypeError: int() argument must be a string, a bytes-like object or a real number, not 'dict'

2025-12-14 04:09:00,841 - debug_logger - INFO - WebSocket connection attempt, view=admin
2025-12-14 04:09:00,841 - debug_logger - INFO - WebSocket connected successfully, view=admin
2025-12-14 04:40:02,005 - debug_logger - INFO - WebSocket connection attempt, view=candidate
2025-12-14 04:40:02,006 - debug_logger - INFO - WebSocket connected successfully, view=candidate
2025-12-14 04:40:04,372 - debug_logger - INFO - WebSocket connection attempt, view=admin
2025-12-14 04:40:04,374 - debug_logger - INFO - WebSocket connected successfully, view=admin
2025-12-14 04:40:04,413 - debug_logger - INFO - WebSocket connection attempt, view=candidate
2025-12-14 04:40:04,414 - debug_logger - INFO - WebSocket connected successfully, view=candidate
2025-12-14 04:40:04,853 - debug_logger - INFO - WebSocket connection attempt, view=admin
2025-12-14 04:40:04,854 - debug_logger - INFO - WebSocket connected successfully, view=admin
2025-12-14 04:41:34,149 - debug_logger - INFO - WebSocket connection attempt, view=admin
2025-12-14 04:41:34,154 - debug_logger - INFO - WebSocket connected successfully, view=admin
2025-12-14 04:41:37,866 - debug_logger - INFO - WebSocket connection attempt, view=candidate
2025-12-14 04:41:37,867 - debug_logger - INFO - WebSocket connected successfully, view=candidate
2025-12-14 04:46:29,855 - debug_logger - INFO - WebSocket connection attempt, view=candidate
2025-12-14 04:46:29,856 - debug_logger - INFO - WebSocket connected successfully, view=candidate
2025-12-14 04:46:29,870 - debug_logger - INFO - WebSocket connection attempt, view=candidate
2025-12-14 04:46:29,870 - debug_logger - INFO - WebSocket connected successfully, view=candidate
2025-12-14 04:46:33,056 - debug_logger - INFO - WebSocket connection attempt, view=candidate
2025-12-14 04:46:33,056 - debug_logger - INFO - WebSocket connected successfully, view=candidate
2025-12-14 04:46:33,081 - debug_logger - INFO - WebSocket connection attempt, view=candidate
2025-12-14 04:46:33,082 - debug_logger - INFO - WebSocket connected successfully, view=candidate
2025-12-14 04:47:14,533 - debug_logger - INFO - WebSocket connection attempt, view=candidate
2025-12-14 04:47:14,534 - debug_logger - INFO - WebSocket connected successfully, view=candidate
2025-12-14 04:47:17,156 - debug_logger - INFO - WebSocket connection attempt, view=admin
2025-12-14 04:47:17,157 - debug_logger - INFO - WebSocket connected successfully, view=admin
2025-12-14 04:47:17,187 - debug_logger - INFO - WebSocket connection attempt, view=candidate
2025-12-14 04:47:17,187 - debug_logger - INFO - WebSocket connected successfully, view=candidate
2025-12-14 04:47:17,963 - debug_logger - INFO - WebSocket connection attempt, view=admin
2025-12-14 04:47:17,963 - debug_logger - INFO - WebSocket connected successfully, view=admin
2025-12-14 04:51:23,436 - debug_logger - INFO - WebSocket connection attempt, view=admin
2025-12-14 04:51:23,437 - debug_logger - INFO - WebSocket connected successfully, view=admin
2025-12-14 04:51:26,870 - debug_logger - INFO - WebSocket connection attempt, view=candidate
2025-12-14 04:51:26,870 - debug_logger - INFO - WebSocket connected successfully, view=candidate
2025-12-14 04:54:10,962 - debug_logger - INFO - WebSocket connection attempt, view=admin
2025-12-14 04:54:10,962 - debug_logger - INFO - WebSocket connected successfully, view=admin
2025-12-14 04:54:12,962 - debug_logger - INFO - WebSocket connection attempt, view=admin
2025-12-14 04:54:12,963 - debug_logger - INFO - WebSocket connected successfully, view=admin
2025-12-14 04:55:52,141 - debug_logger - INFO - WebSocket connection attempt, view=admin
2025-12-14 04:55:52,142 - debug_logger - INFO - WebSocket connected successfully, view=admin
2025-12-14 04:56:27,177 - debug_logger - INFO - WebSocket connection attempt, view=admin
2025-12-14 04:56:27,177 - debug_logger - INFO - WebSocket connected successfully, view=admin
2025-12-14 04:56:27,216 - debug_logger - ERROR - Failed to restore session session_20251214_044714: int() argument must be a string, a bytes-like object or a real number, not 'dict'
Traceback (most recent call last):
  File "C:\Users\aditya_raj\Documents\intelliJ-workspace\cursor-code\backend\main.py", line 1270, in websocket_endpoint
    total_q = sum(int(count) for count in controller.question_categories.values())
  File "C:\Users\aditya_raj\Documents\intelliJ-workspace\cursor-code\backend\main.py", line 1270, in <genexpr>
    total_q = sum(int(count) for count in controller.question_categories.values())
                  ~~~^^^^^^^
TypeError: int() argument must be a string, a bytes-like object or a real number, not 'dict'

2025-12-14 04:56:27,217 - debug_logger - INFO - WebSocket connection attempt, view=candidate
2025-12-14 04:56:27,217 - debug_logger - INFO - WebSocket connected successfully, view=candidate
2025-12-14 04:56:27,243 - debug_logger - INFO - WebSocket connection attempt, view=admin
2025-12-14 04:56:27,243 - debug_logger - INFO - WebSocket connected successfully, view=admin
2025-12-14 04:56:27,261 - debug_logger - ERROR - Failed to restore session session_20251214_044714: int() argument must be a string, a bytes-like object or a real number, not 'dict'
Traceback (most recent call last):
  File "C:\Users\aditya_raj\Documents\intelliJ-workspace\cursor-code\backend\main.py", line 1270, in websocket_endpoint
    total_q = sum(int(count) for count in controller.question_categories.values())
  File "C:\Users\aditya_raj\Documents\intelliJ-workspace\cursor-code\backend\main.py", line 1270, in <genexpr>
    total_q = sum(int(count) for count in controller.question_categories.values())
                  ~~~^^^^^^^
TypeError: int() argument must be a string, a bytes-like object or a real number, not 'dict'

2025-12-14 04:56:27,262 - debug_logger - INFO - WebSocket connection attempt, view=candidate
2025-12-14 04:56:27,262 - debug_logger - INFO - WebSocket connected successfully, view=candidate
2025-12-14 04:57:26,854 - debug_logger - INFO - WebSocket connection attempt, view=candidate
2025-12-14 04:57:26,854 - debug_logger - INFO - WebSocket connected successfully, view=candidate
2025-12-14 04:57:26,869 - debug_logger - INFO - WebSocket connection attempt, view=candidate
2025-12-14 04:57:26,869 - debug_logger - INFO - WebSocket connected successfully, view=candidate
2025-12-14 05:01:49,860 - debug_logger - INFO - WebSocket connection attempt, view=candidate
2025-12-14 05:01:49,861 - debug_logger - INFO - WebSocket connected successfully, view=candidate
2025-12-14 05:01:49,876 - debug_logger - INFO - WebSocket connection attempt, view=candidate
2025-12-14 05:01:49,877 - debug_logger - INFO - WebSocket connected successfully, view=candidate
2025-12-14 05:03:27,484 - debug_logger - INFO - WebSocket connection attempt, view=candidate
2025-12-14 05:03:27,484 - debug_logger - INFO - WebSocket connected successfully, view=candidate
2025-12-14 05:03:30,159 - debug_logger - INFO - WebSocket connection attempt, view=admin
2025-12-14 05:03:30,160 - debug_logger - INFO - WebSocket connected successfully, view=admin
2025-12-14 05:03:30,199 - debug_logger - INFO - WebSocket connection attempt, view=candidate
2025-12-14 05:03:30,200 - debug_logger - INFO - WebSocket connected successfully, view=candidate
2025-12-14 05:03:31,866 - debug_logger - INFO - WebSocket connection attempt, view=admin
2025-12-14 05:03:31,867 - debug_logger - INFO - WebSocket connected successfully, view=admin
2025-12-14 05:04:21,767 - debug_logger - INFO - WebSocket connection attempt, view=candidate
2025-12-14 05:04:21,768 - debug_logger - INFO - WebSocket connected successfully, view=candidate
2025-12-14 05:04:21,824 - debug_logger - ERROR - Failed to restore session session_20251214_050327: int() argument must be a string, a bytes-like object or a real number, not 'dict'
Traceback (most recent call last):
  File "C:\Users\aditya_raj\Documents\intelliJ-workspace\cursor-code\backend\main.py", line 1339, in websocket_endpoint
    total_q = sum(int(count) for count in controller.question_categories.values())
  File "C:\Users\aditya_raj\Documents\intelliJ-workspace\cursor-code\backend\main.py", line 1339, in <genexpr>
    total_q = sum(int(count) for count in controller.question_categories.values())
                  ~~~^^^^^^^
TypeError: int() argument must be a string, a bytes-like object or a real number, not 'dict'

2025-12-14 05:04:21,826 - debug_logger - INFO - WebSocket connection attempt, view=candidate
2025-12-14 05:04:21,827 - debug_logger - INFO - WebSocket connected successfully, view=candidate
2025-12-14 05:04:21,846 - debug_logger - INFO - WebSocket connection attempt, view=admin
2025-12-14 05:04:21,847 - debug_logger - INFO - WebSocket connected successfully, view=admin
2025-12-14 05:04:21,873 - debug_logger - ERROR - Failed to restore session session_20251214_050327: int() argument must be a string, a bytes-like object or a real number, not 'dict'
Traceback (most recent call last):
  File "C:\Users\aditya_raj\Documents\intelliJ-workspace\cursor-code\backend\main.py", line 1339, in websocket_endpoint
    total_q = sum(int(count) for count in controller.question_categories.values())
  File "C:\Users\aditya_raj\Documents\intelliJ-workspace\cursor-code\backend\main.py", line 1339, in <genexpr>
    total_q = sum(int(count) for count in controller.question_categories.values())
                  ~~~^^^^^^^
TypeError: int() argument must be a string, a bytes-like object or a real number, not 'dict'

2025-12-14 05:04:21,874 - debug_logger - INFO - WebSocket connection attempt, view=admin
2025-12-14 05:04:21,874 - debug_logger - INFO - WebSocket connected successfully, view=admin
2025-12-14 05:04:21,923 - debug_logger - ERROR - Failed to restore session session_20251214_050327: int() argument must be a string, a bytes-like object or a real number, not 'dict'
Traceback (most recent call last):
  File "C:\Users\aditya_raj\Documents\intelliJ-workspace\cursor-code\backend\main.py", line 1339, in websocket_endpoint
    total_q = sum(int(count) for count in controller.question_categories.values())
  File "C:\Users\aditya_raj\Documents\intelliJ-workspace\cursor-code\backend\main.py", line 1339, in <genexpr>
    total_q = sum(int(count) for count in controller.question_categories.values())
                  ~~~^^^^^^^
TypeError: int() argument must be a string, a bytes-like object or a real number, not 'dict'

2025-12-14 05:04:50,600 - debug_logger - ERROR - Failed to restore session session_20251214_050327: int() argument must be a string, a bytes-like object or a real number, not 'dict'
Traceback (most recent call last):
  File "C:\Users\aditya_raj\Documents\intelliJ-workspace\cursor-code\backend\main.py", line 1339, in websocket_endpoint
    total_q = sum(int(count) for count in controller.question_categories.values())
  File "C:\Users\aditya_raj\Documents\intelliJ-workspace\cursor-code\backend\main.py", line 1339, in <genexpr>
    total_q = sum(int(count) for count in controller.question_categories.values())
                  ~~~^^^^^^^
TypeError: int() argument must be a string, a bytes-like object or a real number, not 'dict'

2025-12-14 05:06:32,027 - debug_logger - INFO - WebSocket connection attempt, view=candidate
2025-12-14 05:06:32,027 - debug_logger - INFO - WebSocket connected successfully, view=candidate
2025-12-14 05:06:34,685 - debug_logger - INFO - WebSocket connection attempt, view=admin
2025-12-14 05:06:34,686 - debug_logger - INFO - WebSocket connected successfully, view=admin
2025-12-14 05:06:34,859 - debug_logger - INFO - WebSocket connection attempt, view=candidate
2025-12-14 05:06:34,860 - debug_logger - INFO - WebSocket connected successfully, view=candidate
2025-12-14 05:06:35,867 - debug_logger - INFO - WebSocket connection attempt, view=admin
2025-12-14 05:06:35,868 - debug_logger - INFO - WebSocket connected successfully, view=admin
2025-12-14 05:06:52,992 - debug_logger - INFO - WebSocket connection attempt, view=candidate
2025-12-14 05:06:52,992 - debug_logger - INFO - WebSocket connected successfully, view=candidate
2025-12-14 05:06:54,991 - debug_logger - INFO - WebSocket connection attempt, view=candidate
2025-12-14 05:06:54,991 - debug_logger - INFO - WebSocket connected successfully, view=candidate
2025-12-14 05:06:57,667 - debug_logger - INFO - WebSocket connection attempt, view=admin
2025-12-14 05:06:57,668 - debug_logger - INFO - WebSocket connected successfully, view=admin
2025-12-14 05:06:59,874 - debug_logger - INFO - WebSocket connection attempt, view=admin
2025-12-14 05:06:59,874 - debug_logger - INFO - WebSocket connected successfully, view=admin
2025-12-14 05:07:02,321 - debug_logger - INFO - WebSocket connection attempt, view=admin
2025-12-14 05:07:02,322 - debug_logger - INFO - WebSocket connected successfully, view=admin
2025-12-14 05:07:04,326 - debug_logger - INFO - WebSocket connection attempt, view=admin
2025-12-14 05:07:04,327 - debug_logger - INFO - WebSocket connected successfully, view=admin
2025-12-14 05:07:32,871 - debug_logger - INFO - WebSocket connection attempt, view=admin
2025-12-14 05:07:32,872 - debug_logger - INFO - WebSocket connected successfully, view=admin
2025-12-14 05:07:33,970 - debug_logger - INFO - WebSocket connection attempt, view=candidate
2025-12-14 05:07:33,971 - debug_logger - INFO - WebSocket connected successfully, view=candidate
2025-12-14 05:11:02,195 - debug_logger - INFO - WebSocket connection attempt, view=candidate
2025-12-14 05:11:02,195 - debug_logger - INFO - WebSocket connected successfully, view=candidate
2025-12-14 05:11:04,800 - debug_logger - INFO - WebSocket connection attempt, view=admin
2025-12-14 05:11:04,801 - debug_logger - INFO - WebSocket connected successfully, view=admin
2025-12-14 05:11:04,865 - debug_logger - INFO - WebSocket connection attempt, view=candidate
2025-12-14 05:11:04,865 - debug_logger - INFO - WebSocket connected successfully, view=candidate
2025-12-14 05:11:05,144 - debug_logger - INFO - WebSocket connection attempt, view=admin
2025-12-14 05:11:05,145 - debug_logger - INFO - WebSocket connected successfully, view=admin
2025-12-14 05:12:12,893 - debug_logger - INFO - WebSocket connection attempt, view=admin
2025-12-14 05:12:12,893 - debug_logger - INFO - WebSocket connected successfully, view=admin
2025-12-14 05:12:15,872 - debug_logger - INFO - WebSocket connection attempt, view=candidate
2025-12-14 05:12:15,873 - debug_logger - INFO - WebSocket connected successfully, view=candidate
2025-12-14 05:13:47,401 - debug_logger - INFO - WebSocket connection attempt, view=admin
2025-12-14 05:13:47,402 - debug_logger - INFO - WebSocket connected successfully, view=admin
2025-12-14 05:13:49,420 - debug_logger - INFO - WebSocket connection attempt, view=admin
2025-12-14 05:13:49,420 - debug_logger - INFO - WebSocket connected successfully, view=admin
2025-12-14 05:24:57,309 - debug_logger - INFO - WebSocket connection attempt, view=candidate
2025-12-14 05:24:57,309 - debug_logger - INFO - WebSocket connected successfully, view=candidate
2025-12-14 05:25:00,449 - debug_logger - INFO - WebSocket connection attempt, view=admin
2025-12-14 05:25:00,450 - debug_logger - INFO - WebSocket connected successfully, view=admin
2025-12-14 05:25:00,519 - debug_logger - INFO - WebSocket connection attempt, view=candidate
2025-12-14 05:25:00,520 - debug_logger - INFO - WebSocket connected successfully, view=candidate
2025-12-14 05:25:00,886 - debug_logger - INFO - WebSocket connection attempt, view=admin
2025-12-14 05:25:00,887 - debug_logger - INFO - WebSocket connected successfully, view=admin
2025-12-14 05:28:21,860 - debug_logger - INFO - WebSocket connection attempt, view=admin
2025-12-14 05:28:21,861 - debug_logger - INFO - WebSocket connected successfully, view=admin
2025-12-14 05:28:24,875 - debug_logger - INFO - WebSocket connection attempt, view=candidate
2025-12-14 05:28:24,876 - debug_logger - INFO - WebSocket connected successfully, view=candidate
2025-12-14 05:30:06,101 - debug_logger - INFO - WebSocket connection attempt, view=admin
2025-12-14 05:30:06,102 - debug_logger - INFO - WebSocket connected successfully, view=admin
2025-12-14 05:30:08,122 - debug_logger - INFO - WebSocket connection attempt, view=admin
2025-12-14 05:30:08,123 - debug_logger - INFO - WebSocket connected successfully, view=admin
2025-12-14 05:30:15,583 - debug_logger - INFO - WebSocket connection attempt, view=admin
2025-12-14 05:30:15,584 - debug_logger - INFO - WebSocket connected successfully, view=admin
2025-12-14 05:32:27,115 - debug_logger - INFO - WebSocket connection attempt, view=admin
2025-12-14 05:32:27,116 - debug_logger - INFO - WebSocket connected successfully, view=admin
2025-12-14 05:32:29,147 - debug_logger - INFO - WebSocket connection attempt, view=admin
2025-12-14 05:32:29,148 - debug_logger - INFO - WebSocket connected successfully, view=admin
2025-12-14 05:35:58,022 - debug_logger - INFO - WebSocket connection attempt, view=admin
2025-12-14 05:35:58,023 - debug_logger - INFO - WebSocket connected successfully, view=admin
2025-12-14 05:36:00,037 - debug_logger - INFO - WebSocket connection attempt, view=admin
2025-12-14 05:36:00,039 - debug_logger - INFO - WebSocket connected successfully, view=admin
2025-12-14 05:47:57,596 - debug_logger - INFO - WebSocket connection attempt, view=admin
2025-12-14 05:47:57,597 - debug_logger - INFO - WebSocket connected successfully, view=admin
2025-12-14 05:47:59,601 - debug_logger - INFO - WebSocket connection attempt, view=admin
2025-12-14 05:47:59,602 - debug_logger - INFO - WebSocket connected successfully, view=admin
2025-12-14 09:47:36,154 - debug_logger - INFO - WebSocket connection attempt, view=admin
2025-12-14 09:47:36,155 - debug_logger - INFO - WebSocket connected successfully, view=admin
2025-12-14 09:47:38,146 - debug_logger - INFO - WebSocket connection attempt, view=admin
2025-12-14 09:47:38,147 - debug_logger - INFO - WebSocket connected successfully, view=admin
2025-12-14 10:59:45,564 - debug_logger - INFO - WebSocket connection attempt, view=candidate
2025-12-14 10:59:45,566 - debug_logger - INFO - WebSocket connected successfully, view=candidate
2025-12-14 10:59:48,566 - debug_logger - INFO - WebSocket connection attempt, view=admin
2025-12-14 10:59:48,566 - debug_logger - INFO - WebSocket connected successfully, view=admin
2025-12-14 10:59:48,614 - debug_logger - INFO - WebSocket connection attempt, view=admin
2025-12-14 10:59:48,614 - debug_logger - INFO - WebSocket connected successfully, view=admin
2025-12-14 10:59:48,673 - debug_logger - INFO - WebSocket connection attempt, view=candidate
2025-12-14 10:59:48,675 - debug_logger - INFO - WebSocket connected successfully, view=candidate
2025-12-14 11:03:24,857 - debug_logger - INFO - WebSocket connection attempt, view=candidate
2025-12-14 11:03:24,858 - debug_logger - INFO - WebSocket connected successfully, view=candidate
2025-12-14 11:03:24,896 - debug_logger - INFO - WebSocket connection attempt, view=admin
2025-12-14 11:03:24,897 - debug_logger - INFO - WebSocket connected successfully, view=admin
2025-12-14 11:03:24,945 - debug_logger - INFO - WebSocket connection attempt, view=candidate
2025-12-14 11:03:24,946 - debug_logger - INFO - WebSocket connected successfully, view=candidate
2025-12-14 11:03:24,960 - debug_logger - INFO - WebSocket connection attempt, view=admin
2025-12-14 11:03:24,961 - debug_logger - INFO - WebSocket connected successfully, view=admin
2025-12-14 11:05:03,302 - debug_logger - INFO - WebSocket connection attempt, view=admin
2025-12-14 11:05:03,303 - debug_logger - INFO - WebSocket connected successfully, view=admin
2025-12-14 11:05:03,395 - debug_logger - INFO - WebSocket connection attempt, view=admin
2025-12-14 11:05:03,396 - debug_logger - INFO - WebSocket connected successfully, view=admin
2025-12-14 11:05:03,862 - debug_logger - INFO - WebSocket connection attempt, view=candidate
2025-12-14 11:05:03,862 - debug_logger - INFO - WebSocket connected successfully, view=candidate
2025-12-14 11:05:03,937 - debug_logger - INFO - WebSocket connection attempt, view=candidate
2025-12-14 11:05:03,937 - debug_logger - INFO - WebSocket connected successfully, view=candidate
2025-12-14 11:05:06,581 - debug_logger - INFO - WebSocket connection attempt, view=candidate
2025-12-14 11:05:06,581 - debug_logger - INFO - WebSocket connected successfully, view=candidate
2025-12-14 11:23:27,815 - debug_logger - INFO - WebSocket connection attempt, view=candidate
2025-12-14 11:23:27,816 - debug_logger - INFO - WebSocket connected successfully, view=candidate
2025-12-14 11:23:30,885 - debug_logger - INFO - WebSocket connection attempt, view=admin
2025-12-14 11:23:30,886 - debug_logger - INFO - WebSocket connected successfully, view=admin
2025-12-14 11:23:30,924 - debug_logger - INFO - WebSocket connection attempt, view=candidate
2025-12-14 11:23:30,926 - debug_logger - INFO - WebSocket connected successfully, view=candidate
2025-12-14 11:23:31,382 - debug_logger - INFO - WebSocket connection attempt, view=admin
2025-12-14 11:23:31,382 - debug_logger - INFO - WebSocket connected successfully, view=admin
2025-12-14 11:26:13,823 - debug_logger - INFO - WebSocket connection attempt, view=admin
2025-12-14 11:26:13,824 - debug_logger - INFO - WebSocket connected successfully, view=admin
2025-12-14 11:26:16,874 - debug_logger - INFO - WebSocket connection attempt, view=candidate
2025-12-14 11:26:16,875 - debug_logger - INFO - WebSocket connected successfully, view=candidate
2025-12-14 11:28:25,126 - debug_logger - INFO - WebSocket connection attempt, view=candidate
2025-12-14 11:28:25,126 - debug_logger - INFO - WebSocket connected successfully, view=candidate
2025-12-14 11:28:28,792 - debug_logger - INFO - WebSocket connection attempt, view=admin
2025-12-14 11:28:28,793 - debug_logger - INFO - WebSocket connected successfully, view=admin
2025-12-14 11:28:28,879 - debug_logger - INFO - WebSocket connection attempt, view=candidate
2025-12-14 11:28:28,879 - debug_logger - INFO - WebSocket connected successfully, view=candidate
2025-12-14 11:28:28,906 - debug_logger - INFO - WebSocket connection attempt, view=admin
2025-12-14 11:28:28,906 - debug_logger - INFO - WebSocket connected successfully, view=admin
2025-12-14 11:35:04,774 - debug_logger - INFO - WebSocket connection attempt, view=admin
2025-12-14 11:35:04,774 - debug_logger - INFO - WebSocket connected successfully, view=admin
2025-12-14 11:35:07,874 - debug_logger - INFO - WebSocket connection attempt, view=candidate
2025-12-14 11:35:07,874 - debug_logger - INFO - WebSocket connected successfully, view=candidate
2025-12-14 11:35:33,643 - debug_logger - INFO - WebSocket connection attempt, view=admin
2025-12-14 11:35:33,643 - debug_logger - INFO - WebSocket connected successfully, view=admin
2025-12-14 11:35:35,661 - debug_logger - INFO - WebSocket connection attempt, view=admin
2025-12-14 11:35:35,662 - debug_logger - INFO - WebSocket connected successfully, view=admin
2025-12-14 11:35:46,591 - debug_logger - INFO - WebSocket connection attempt, view=admin
2025-12-14 11:35:46,591 - debug_logger - INFO - WebSocket connected successfully, view=admin
2025-12-14 11:35:48,580 - debug_logger - INFO - WebSocket connection attempt, view=admin
2025-12-14 11:35:48,581 - debug_logger - INFO - WebSocket connected successfully, view=admin
2025-12-14 11:36:22,441 - debug_logger - INFO - WebSocket connection attempt, view=admin
2025-12-14 11:36:22,442 - debug_logger - INFO - WebSocket connected successfully, view=admin
2025-12-14 11:36:24,872 - debug_logger - INFO - WebSocket connection attempt, view=admin
2025-12-14 11:36:24,872 - debug_logger - INFO - WebSocket connected successfully, view=admin
2025-12-14 11:38:09,557 - debug_logger - INFO - WebSocket connection attempt, view=candidate
2025-12-14 11:38:09,558 - debug_logger - INFO - WebSocket connected successfully, view=candidate
2025-12-14 11:38:09,588 - debug_logger - INFO - WebSocket connection attempt, view=admin
2025-12-14 11:38:09,589 - debug_logger - INFO - WebSocket connected successfully, view=admin
2025-12-14 11:38:09,620 - debug_logger - INFO - WebSocket connection attempt, view=admin
2025-12-14 11:38:09,621 - debug_logger - INFO - WebSocket connected successfully, view=admin
2025-12-14 11:38:09,650 - debug_logger - INFO - WebSocket connection attempt, view=candidate
2025-12-14 11:38:09,651 - debug_logger - INFO - WebSocket connected successfully, view=candidate
2025-12-14 11:40:21,849 - debug_logger - INFO - WebSocket connection attempt, view=candidate
2025-12-14 11:40:21,850 - debug_logger - INFO - WebSocket connected successfully, view=candidate
2025-12-14 11:40:21,872 - debug_logger - INFO - WebSocket connection attempt, view=admin
2025-12-14 11:40:21,873 - debug_logger - INFO - WebSocket connected successfully, view=admin
2025-12-14 11:40:21,887 - debug_logger - INFO - WebSocket connection attempt, view=candidate
2025-12-14 11:40:21,888 - debug_logger - INFO - WebSocket connected successfully, view=candidate
2025-12-14 11:40:21,913 - debug_logger - INFO - WebSocket connection attempt, view=admin
2025-12-14 11:40:21,913 - debug_logger - INFO - WebSocket connected successfully, view=admin
2025-12-14 11:41:21,869 - debug_logger - INFO - WebSocket connection attempt, view=candidate
2025-12-14 11:41:21,869 - debug_logger - INFO - WebSocket connected successfully, view=candidate
2025-12-14 11:41:21,888 - debug_logger - INFO - WebSocket connection attempt, view=admin
2025-12-14 11:41:21,888 - debug_logger - INFO - WebSocket connected successfully, view=admin
2025-12-14 11:41:21,902 - debug_logger - INFO - WebSocket connection attempt, view=candidate
2025-12-14 11:41:21,903 - debug_logger - INFO - WebSocket connected successfully, view=candidate
2025-12-14 11:41:21,919 - debug_logger - INFO - WebSocket connection attempt, view=admin
2025-12-14 11:41:21,919 - debug_logger - INFO - WebSocket connected successfully, view=admin
2025-12-14 11:44:21,869 - debug_logger - INFO - WebSocket connection attempt, view=candidate
2025-12-14 11:44:21,869 - debug_logger - INFO - WebSocket connected successfully, view=candidate
2025-12-14 11:44:21,889 - debug_logger - INFO - WebSocket connection attempt, view=admin
2025-12-14 11:44:21,890 - debug_logger - INFO - WebSocket connected successfully, view=admin
2025-12-14 11:44:21,907 - debug_logger - INFO - WebSocket connection attempt, view=candidate
2025-12-14 11:44:21,907 - debug_logger - INFO - WebSocket connected successfully, view=candidate
2025-12-14 11:44:21,923 - debug_logger - INFO - WebSocket connection attempt, view=admin
2025-12-14 11:44:21,923 - debug_logger - INFO - WebSocket connected successfully, view=admin
2025-12-14 13:17:21,969 - debug_logger - INFO - WebSocket connection attempt, view=candidate
2025-12-14 13:17:21,972 - debug_logger - INFO - WebSocket connected successfully, view=candidate
2025-12-14 13:17:26,115 - debug_logger - INFO - WebSocket connection attempt, view=admin
2025-12-14 13:17:26,116 - debug_logger - INFO - WebSocket connected successfully, view=admin
2025-12-14 13:17:26,184 - debug_logger - INFO - WebSocket connection attempt, view=candidate
2025-12-14 13:17:26,186 - debug_logger - INFO - WebSocket connected successfully, view=candidate
2025-12-14 13:17:26,199 - debug_logger - INFO - WebSocket connection attempt, view=admin
2025-12-14 13:17:26,200 - debug_logger - INFO - WebSocket connected successfully, view=admin
2025-12-14 13:19:34,752 - debug_logger - INFO - WebSocket connection attempt, view=candidate
2025-12-14 13:19:34,754 - debug_logger - INFO - WebSocket connected successfully, view=candidate
2025-12-14 13:19:41,343 - debug_logger - INFO - WebSocket connection attempt, view=admin
2025-12-14 13:19:41,344 - debug_logger - INFO - WebSocket connected successfully, view=admin
2025-12-14 13:19:43,344 - debug_logger - INFO - WebSocket connection attempt, view=admin
2025-12-14 13:19:43,344 - debug_logger - INFO - WebSocket connected successfully, view=admin
2025-12-14 13:40:05,816 - debug_logger - INFO - WebSocket connection attempt, view=admin
2025-12-14 13:40:05,817 - debug_logger - INFO - WebSocket connected successfully, view=admin
2025-12-14 13:40:07,850 - debug_logger - INFO - WebSocket connection attempt, view=admin
2025-12-14 13:40:07,851 - debug_logger - INFO - WebSocket connected successfully, view=admin
2025-12-14 13:43:31,533 - debug_logger - INFO - WebSocket connection attempt, view=admin
2025-12-14 13:43:31,534 - debug_logger - INFO - WebSocket connected successfully, view=admin
2025-12-14 13:43:33,533 - debug_logger - INFO - WebSocket connection attempt, view=admin
2025-12-14 13:43:33,534 - debug_logger - INFO - WebSocket connected successfully, view=admin
2025-12-14 13:44:02,958 - debug_logger - INFO - WebSocket connection attempt, view=admin
2025-12-14 13:44:02,959 - debug_logger - INFO - WebSocket connected successfully, view=admin
2025-12-14 13:44:04,951 - debug_logger - INFO - WebSocket connection attempt, view=admin
2025-12-14 13:44:04,952 - debug_logger - INFO - WebSocket connected successfully, view=admin
2025-12-14 13:53:39,871 - debug_logger - INFO - WebSocket connection attempt, view=admin
2025-12-14 13:53:39,871 - debug_logger - INFO - WebSocket connected successfully, view=admin
